<?xml version="1.0" encoding="UTF-8"?>
<!-- Generated by org.testng.reporters.JUnitReportReporter -->
<testsuite skipped="0" hostname="DESKTOP-UOSJI6I" name="dummytesting.GroupDemoTest" tests="4" failures="0" timestamp="2021-07-15T17:19:44 IST" time="0.009" errors="0">
  <testcase name="cTest" time="0.003" classname="dummytesting.GroupDemoTest"/>
  <system-out/>
  <testcase name="dTest" time="0.002" classname="dummytesting.GroupDemoTest"/>
  <system-out/>
  <testcase name="aTest" time="0.002" classname="dummytesting.GroupDemoTest"/>
  <system-out/>
  <testcase name="bTest" time="0.002" classname="dummytesting.GroupDemoTest"/>
  <system-out/>
</testsuite> <!-- dummytesting.GroupDemoTest -->
