<?xml version="1.0" encoding="UTF-8"?>
<!-- Generated by org.testng.reporters.JUnitReportReporter -->
<testsuite skipped="0" hostname="DESKTOP-UOSJI6I" name="dummytesting.DataProviderEgPt2" tests="9" failures="0" timestamp="2021-07-14T21:04:42 IST" time="0.025" errors="0">
  <testcase name="test" time="0.002" classname="dummytesting.DataProviderEgPt2"/>
  <system-out/>
  <testcase name="test1" time="0.003" classname="dummytesting.DataProviderEgPt2"/>
  <system-out/>
  <testcase name="test" time="0.007" classname="dummytesting.DataProviderEgPt2"/>
  <system-out/>
  <testcase name="test1" time="0.002" classname="dummytesting.DataProviderEgPt2"/>
  <system-out/>
  <testcase name="test2" time="0.002" classname="dummytesting.DataProviderEgPt2"/>
  <system-out/>
  <testcase name="test1" time="0.001" classname="dummytesting.DataProviderEgPt2"/>
  <system-out/>
  <testcase name="test" time="0.001" classname="dummytesting.DataProviderEgPt2"/>
  <system-out/>
  <testcase name="test2" time="0.001" classname="dummytesting.DataProviderEgPt2"/>
  <system-out/>
  <testcase name="test2" time="0.006" classname="dummytesting.DataProviderEgPt2"/>
  <system-out/>
</testsuite> <!-- dummytesting.DataProviderEgPt2 -->
