<?xml version="1.0" encoding="UTF-8"?>
<!-- Generated by org.testng.reporters.JUnitReportReporter -->
<testsuite skipped="0" hostname="DESKTOP-UOSJI6I" name="utils.ExcelDataProviderEg" tests="4" failures="0" timestamp="2021-07-15T14:21:26 IST" time="0.014" errors="0">
  <testcase name="test" time="0.006" classname="utils.ExcelDataProviderEg"/>
  <system-out/>
  <testcase name="test" time="0.002" classname="utils.ExcelDataProviderEg"/>
  <system-out/>
  <testcase name="test" time="0.004" classname="utils.ExcelDataProviderEg"/>
  <system-out/>
  <testcase name="test" time="0.002" classname="utils.ExcelDataProviderEg"/>
  <system-out/>
</testsuite> <!-- utils.ExcelDataProviderEg -->
