<?xml version="1.0" encoding="UTF-8"?>
<!-- Generated by org.testng.reporters.JUnitReportReporter -->
<testsuite skipped="0" hostname="DESKTOP-UOSJI6I" name="dummytesting.LoginTest" tests="2" failures="0" timestamp="2021-07-15T17:19:44 IST" time="0.003" errors="0">
  <testcase name="logoutTest" time="0.001" classname="dummytesting.LoginTest"/>
  <system-out/>
  <testcase name="loginTest" time="0.002" classname="dummytesting.LoginTest"/>
  <system-out/>
</testsuite> <!-- dummytesting.LoginTest -->
