<?xml version="1.0" encoding="UTF-8"?>
<!-- Generated by org.testng.reporters.JUnitReportReporter -->
<testsuite skipped="0" hostname="DESKTOP-UOSJI6I" name="dummytesting.BeforeTestBeforeMethodEg" tests="2" failures="0" timestamp="2021-07-15T17:19:44 IST" time="0.007" errors="0">
  <testcase name="Test2" time="0.005" classname="dummytesting.BeforeTestBeforeMethodEg"/>
  <system-out/>
  <testcase name="Test1" time="0.002" classname="dummytesting.BeforeTestBeforeMethodEg"/>
  <system-out/>
</testsuite> <!-- dummytesting.BeforeTestBeforeMethodEg -->
