<?xml version="1.0" encoding="UTF-8"?>
<!-- Generated by org.testng.reporters.JUnitReportReporter -->
<testsuite skipped="0" hostname="DESKTOP-UOSJI6I" name="reporting.ReportTest" tests="3" failures="0" timestamp="2021-07-16T12:38:04 IST" time="0.013" errors="0">
  <testcase name="reporterTest1" time="0.008" classname="reporting.ReportTest"/>
  <system-out>
    <![CDATA[Method name: reporterTest1
This is TEST1
Status of execution: 1]]>
  </system-out>
  <testcase name="reporterTest3" time="0.003" classname="reporting.ReportTest"/>
  <system-out>
    <![CDATA[Method name: reporterTest3
Status of execution: 1]]>
  </system-out>
  <testcase name="reporterTest2" time="0.002" classname="reporting.ReportTest"/>
  <system-out>
    <![CDATA[Method name: reporterTest2
Status of execution: 1]]>
  </system-out>
</testsuite> <!-- reporting.ReportTest -->
