<?xml version="1.0" encoding="UTF-8"?>
<!-- Generated by org.testng.reporters.JUnitReportReporter -->
<testsuite skipped="0" hostname="DESKTOP-UOSJI6I" name="dummytesting.BeforeClassAfterClassEg" tests="3" failures="0" timestamp="2021-07-14T09:46:36 IST" time="0.013" errors="0">
  <testcase name="cTest" time="0.009" classname="dummytesting.BeforeClassAfterClassEg"/>
  <system-out/>
  <testcase name="aTest" time="0.002" classname="dummytesting.BeforeClassAfterClassEg"/>
  <system-out/>
  <testcase name="bTest" time="0.002" classname="dummytesting.BeforeClassAfterClassEg"/>
  <system-out/>
</testsuite> <!-- dummytesting.BeforeClassAfterClassEg -->
