<?xml version="1.0" encoding="UTF-8"?>
<!-- Generated by org.testng.reporters.JUnitReportReporter -->
<testsuite skipped="0" hostname="DESKTOP-UOSJI6I" name="dummytesting.BeforeGroupAfterGroup" tests="3" failures="0" timestamp="2021-07-14T09:47:14 IST" time="0.009" errors="0">
  <testcase name="cTest" time="0.006" classname="dummytesting.BeforeGroupAfterGroup"/>
  <system-out/>
  <testcase name="aTest" time="0.001" classname="dummytesting.BeforeGroupAfterGroup"/>
  <system-out/>
  <testcase name="bTest" time="0.002" classname="dummytesting.BeforeGroupAfterGroup"/>
  <system-out/>
</testsuite> <!-- dummytesting.BeforeGroupAfterGroup -->
