<?xml version="1.0" encoding="UTF-8"?>
<!-- Generated by org.testng.reporters.JUnitReportReporter -->
<testsuite skipped="3" hostname="DESKTOP-UOSJI6I" name="dummytesting.SkipTestEg" tests="3" failures="0" timestamp="2021-07-14T09:22:31 IST" time="0.015" errors="0">
  <testcase name="skipTest3" time="0.006" classname="dummytesting.SkipTestEg">
    <skipped/>
  </testcase> <!-- skipTest3 -->
  <system-out/>
  <testcase name="skipTest2" time="0.009" classname="dummytesting.SkipTestEg">
    <skipped/>
  </testcase> <!-- skipTest2 -->
  <system-out/>
  <testcase name="skipTest1" classname="dummytesting.SkipTestEg">
    <skipped/>
  </testcase> <!-- skipTest1 -->
  <system-out/>
</testsuite> <!-- dummytesting.SkipTestEg -->
