<?xml version="1.0" encoding="UTF-8"?>
<!-- Generated by org.testng.reporters.JUnitReportReporter -->
<testsuite skipped="0" hostname="DESKTOP-UOSJI6I" name="dummytesting.Login" tests="2" failures="0" timestamp="2021-07-13T07:37:52 IST" time="0.011" errors="0">
  <testcase name="login" time="0.009" classname="dummytesting.Login"/>
  <system-out/>
  <testcase name="logout" time="0.002" classname="dummytesting.Login"/>
  <system-out/>
</testsuite> <!-- dummytesting.Login -->
