<?xml version="1.0" encoding="UTF-8"?>
<!-- Generated by org.testng.reporters.JUnitReportReporter -->
<testsuite skipped="0" hostname="DESKTOP-UOSJI6I" name="dummytesting.PriorityTest" tests="3" failures="0" timestamp="2021-07-15T17:19:44 IST" time="0.006" errors="0">
  <testcase name="test2" time="0.002" classname="dummytesting.PriorityTest"/>
  <system-out/>
  <testcase name="test3" time="0.002" classname="dummytesting.PriorityTest"/>
  <system-out/>
  <testcase name="test1" time="0.002" classname="dummytesting.PriorityTest"/>
  <system-out/>
</testsuite> <!-- dummytesting.PriorityTest -->
