<?xml version="1.0" encoding="UTF-8"?>
<!-- Generated by org.testng.reporters.JUnitReportReporter -->
<testsuite skipped="0" hostname="DESKTOP-UOSJI6I" name="dummytesting.DataProviderEg" tests="7" failures="0" timestamp="2021-07-14T18:59:33 IST" time="0.016" errors="0">
  <testcase name="test" time="0.002" classname="dummytesting.DataProviderEg"/>
  <system-out/>
  <testcase name="test1" time="0.001" classname="dummytesting.DataProviderEg"/>
  <system-out/>
  <testcase name="test" time="0.001" classname="dummytesting.DataProviderEg"/>
  <system-out/>
  <testcase name="test" time="0.006" classname="dummytesting.DataProviderEg"/>
  <system-out/>
  <testcase name="test1" time="0.002" classname="dummytesting.DataProviderEg"/>
  <system-out/>
  <testcase name="test1" time="0.003" classname="dummytesting.DataProviderEg"/>
  <system-out/>
  <testcase name="test" time="0.001" classname="dummytesting.DataProviderEg"/>
  <system-out/>
</testsuite> <!-- dummytesting.DataProviderEg -->
